<?xml version="1.0" encoding="UTF-8"?>
<!-- Generated by org.testng.reporters.JUnitReportReporter -->
<testsuite hostname="HAMEED" failures="0" tests="1" name="com.saucedemo.tests.LoginTest" time="0.286" errors="0" timestamp="2025-03-19T12:08:53 IST" skipped="0">
  <testcase classname="com.saucedemo.tests.LoginTest" name="loginTest" time="0.286"/>
</testsuite> <!-- com.saucedemo.tests.LoginTest -->
