<?xml version="1.0" encoding="UTF-8"?>
<!-- Generated by org.testng.reporters.JUnitReportReporter -->
<testsuite hostname="HAMEED" failures="0" tests="1" name="com.saucedemo.tests.HomeTest" time="0.041" errors="0" timestamp="2025-03-19T12:08:53 IST" skipped="0">
  <testcase classname="com.saucedemo.tests.HomeTest" name="homeTest" time="0.041"/>
</testsuite> <!-- com.saucedemo.tests.HomeTest -->
